<?xml version="1.0" encoding="UTF-8"?>
<!-- Generated by org.testng.reporters.JUnitReportReporter -->
<testsuite skipped="0" hostname="silverone1" name="testPage.LoginTest" tests="1" failures="0" timestamp="2020-04-28T13:42:29 CDT" time="16.838" errors="0">
  <testcase name="loginTest" time="16.838" classname="testPage.LoginTest"/>
</testsuite> <!-- testPage.LoginTest -->
