<?xml version="1.0" encoding="UTF-8"?>
<!-- Generated by org.testng.reporters.JUnitReportReporter -->
<testsuite skipped="0" hostname="silverone1" name="testPage.Login" tests="1" failures="0" timestamp="2020-04-10T22:17:17 CDT" time="9.990" errors="0">
  <testcase name="startaBrowser" time="9.990" classname="testPage.Login"/>
</testsuite> <!-- testPage.Login -->
