<?xml version="1.0" encoding="UTF-8"?>
<!-- Generated by org.testng.reporters.JUnitReportReporter -->
<testsuite skipped="0" hostname="silverone1" name="testPage.NewAccountTest" tests="1" failures="0" timestamp="2020-04-22T13:29:29 CDT" time="37.144" errors="0">
  <testcase name="newAccount" time="37.144" classname="testPage.NewAccountTest"/>
</testsuite> <!-- testPage.NewAccountTest -->
